[main 30b584d] Auto VQM commit — Ledger 100305667
 19 files changed, 556 insertions(+), 52 deletions(-)
 create mode 100644 ecosystem/api/__init__.py
 create mode 100644 ecosystem/api/governor_api.py
 create mode 100644 ecosystem/cli/__init__.py
 create mode 100644 ecosystem/cli/governor_cli.py
 create mode 100644 ecosystem/orchestrator.py
 create mode 100644 ecosystem/policy/__init__.py
 create mode 100644 ecosystem/policy/policy_engine.py
 create mode 100644 ecosystem/proposals/__init__.py
 create mode 100644 ecosystem/proposals/proposal_engine.py
 create mode 100644 ecosystem/safety/__init__.py
 create mode 100644 ecosystem/safety/safety_guardrails.py
 create mode 100644 ecosystem/telemetry/__init__.py
 create mode 100644 ecosystem/telemetry/mainnet_watcher.py
 create mode 100644 ecosystem/tools/__init__.py
 create mode 100644 ecosystem/tools/tool_registry.py
 create mode 100644 ecosystem/vqm/__init__.py
 create mode 100644 ecosystem/vqm/vqm_brain.py
 create mode 100644 nohup.out
[main d5bcbdb] Auto VQM commit — Ledger 100305675
 1 file changed, 20 insertions(+)
fatal: could not read Password for 'https://cat%20%3E%20vqm_daemon.sh%20%3C%3C%20%27EOF%27@github.com': No such device or address
fatal: could not read Password for 'https://pkill%20-f%20autopush.py@github.com': No such device or address
error: waitpid for git-remote-https failed: No child processes
error: waitpid for git-remote-https failed: No child processes
